

================================================================
== Vivado HLS Report for 'big_mult_v3small'
================================================================
* Date:           Sun Oct 18 23:04:54 2020

* Version:        2016.4 (Build 1756540 on Mon Jan 23 19:31:01 MST 2017)
* Project:        wave2
* Solution:       wave
* Product family: zynq
* Target device:  xc7z020clg484-1


================================================================
== Performance Estimates
================================================================
+ Timing (ns): 
    * Summary: 
    +--------+-------+----------+------------+
    |  Clock | Target| Estimated| Uncertainty|
    +--------+-------+----------+------------+
    |ap_clk  |  10.00|      8.47|        1.25|
    +--------+-------+----------+------------+

+ Latency (clock cycles): 
    * Summary: 
    +-----+-----+-----+-----+---------+
    |  Latency  |  Interval | Pipeline|
    | min | max | min | max |   Type  |
    +-----+-----+-----+-----+---------+
    |  169|  169|  169|  169|   none  |
    +-----+-----+-----+-----+---------+

    + Detail: 
        * Instance: 
        N/A

        * Loop: 
        +----------+-----+-----+----------+-----------+-----------+------+----------+
        |          |  Latency  | Iteration|  Initiation Interval  | Trip |          |
        | Loop Name| min | max |  Latency |  achieved |   target  | Count| Pipelined|
        +----------+-----+-----+----------+-----------+-----------+------+----------+
        |- Loop 1  |  136|  136|        17|          -|          -|     8|    no    |
        |- Loop 2  |   14|   14|         2|          -|          -|     7|    no    |
        |- Loop 3  |   14|   14|         2|          -|          -|     7|    no    |
        +----------+-----+-----+----------+-----------+-----------+------+----------+



================================================================
== Utilization Estimates
================================================================
* Summary: 
+-----------------+---------+-------+--------+-------+
|       Name      | BRAM_18K| DSP48E|   FF   |  LUT  |
+-----------------+---------+-------+--------+-------+
|DSP              |        -|      -|       -|      -|
|Expression       |        -|      -|       0|   4510|
|FIFO             |        -|      -|       -|      -|
|Instance         |        -|     13|       0|      0|
|Memory           |        0|      -|     280|     18|
|Multiplexer      |        -|      -|       -|    286|
|Register         |        -|      -|     543|      -|
+-----------------+---------+-------+--------+-------+
|Total            |        0|     13|     823|   4814|
+-----------------+---------+-------+--------+-------+
|Available        |      280|    220|  106400|  53200|
+-----------------+---------+-------+--------+-------+
|Utilization (%)  |        0|      5|   ~0   |      9|
+-----------------+---------+-------+--------+-------+

+ Detail: 
    * Instance: 
    +-------------------------+----------------------+---------+-------+---+----+
    |         Instance        |        Module        | BRAM_18K| DSP48E| FF| LUT|
    +-------------------------+----------------------+---------+-------+---+----+
    |s_compute_acoustidEe_U1  |s_compute_acoustidEe  |        0|     13|  0|   0|
    +-------------------------+----------------------+---------+-------+---+----+
    |Total                    |                      |        0|     13|  0|   0|
    +-------------------------+----------------------+---------+-------+---+----+

    * DSP48: 
    N/A

    * Memory: 
    +---------+----------------------+---------+-----+----+------+-----+------+-------------+
    |  Memory |        Module        | BRAM_18K|  FF | LUT| Words| Bits| Banks| W*Bits*Banks|
    +---------+----------------------+---------+-----+----+------+-----+------+-------------+
    |pp_V_U   |big_mult_v3small_bkb  |        0|  140|   9|     8|   70|     1|          560|
    |pps_V_U  |big_mult_v3small_bkb  |        0|  140|   9|     8|   70|     1|          560|
    +---------+----------------------+---------+-----+----+------+-----+------+-------------+
    |Total    |                      |        0|  280|  18|    16|  140|     2|         1120|
    +---------+----------------------+---------+-----+----+------+-----+------+-------------+

    * FIFO: 
    N/A

    * Expression: 
    +-----------------------+----------+-------+---+-----+------------+------------+
    |     Variable Name     | Operation| DSP48E| FF| LUT | Bitwidth P0| Bitwidth P1|
    +-----------------------+----------+-------+---+-----+------------+------------+
    |Ui_1_fu_427_p2         |     +    |      0|  0|    7|           5|           7|
    |i_10_fu_373_p2         |     +    |      0|  0|    4|           4|           1|
    |i_9_fu_219_p2          |     +    |      0|  0|    4|           4|           1|
    |tmp_172_fu_243_p2      |     +    |      0|  0|    7|           5|           7|
    |tmp_177_fu_362_p2      |     +    |      0|  0|    4|           4|           2|
    |tmp_179_fu_393_p2      |     +    |      0|  0|   70|          70|          70|
    |tmp_181_fu_406_p2      |     +    |      0|  0|    3|           3|           1|
    |tmp_323_fu_270_p2      |     -    |      0|  0|    7|           7|           7|
    |tmp_324_fu_274_p2      |     -    |      0|  0|    7|           4|           7|
    |tmp_325_fu_279_p2      |     -    |      0|  0|    7|           7|           7|
    |tmp_329_fu_305_p2      |     -    |      0|  0|    7|           4|           7|
    |tmp_341_fu_455_p2      |     -    |      0|  0|    8|           8|           8|
    |tmp_345_fu_485_p2      |     -    |      0|  0|    8|           8|           8|
    |p_Result_15_fu_331_p2  |    and   |      0|  0|  183|         125|         125|
    |p_demorgan_fu_539_p2   |    and   |      0|  0|  267|         178|         178|
    |tmp_355_fu_551_p2      |    and   |      0|  0|  267|         178|         178|
    |tmp_356_fu_557_p2      |    and   |      0|  0|  267|         178|         178|
    |exitcond1_fu_213_p2    |   icmp   |      0|  0|    2|           4|           5|
    |exitcond2_fu_351_p2    |   icmp   |      0|  0|    2|           4|           5|
    |exitcond_fu_400_p2     |   icmp   |      0|  0|    2|           3|           2|
    |tmp_321_fu_257_p2      |   icmp   |      0|  0|    3|           7|           7|
    |tmp_338_fu_441_p2      |   icmp   |      0|  0|    3|           7|           6|
    |tmp_s_fu_225_p2        |   icmp   |      0|  0|    2|           4|           3|
    |tmp_332_fu_319_p2      |   lshr   |      0|  0|  393|         125|         125|
    |tmp_333_fu_325_p2      |   lshr   |      0|  0|  393|           2|         125|
    |tmp_353_fu_533_p2      |   lshr   |      0|  0|  567|           2|         178|
    |p_Result_14_fu_563_p2  |    or    |      0|  0|  267|         178|         178|
    |Ui_fu_249_p3           |  select  |      0|  0|    7|           1|           4|
    |tmp_326_fu_283_p3      |  select  |      0|  0|    7|           1|           7|
    |tmp_327_fu_291_p3      |  select  |      0|  0|  125|           1|         125|
    |tmp_328_fu_298_p3      |  select  |      0|  0|    7|           1|           7|
    |tmp_342_fu_461_p3      |  select  |      0|  0|    8|           1|           8|
    |tmp_343_fu_469_p3      |  select  |      0|  0|    8|           1|           8|
    |tmp_344_fu_477_p3      |  select  |      0|  0|    8|           1|           8|
    |tmp_351_fu_519_p3      |  select  |      0|  0|  178|           1|         178|
    |tmp_349_fu_503_p2      |    shl   |      0|  0|  567|         178|         178|
    |tmp_352_fu_527_p2      |    shl   |      0|  0|  567|           2|         178|
    |tmp_354_fu_545_p2      |    xor   |      0|  0|  267|         178|           2|
    +-----------------------+----------+-------+---+-----+------------+------------+
    |Total                  |          |      0|  0| 4510|        1494|        2129|
    +-----------------------+----------+-------+---+-----+------------+------------+

    * Multiplexer: 
    +----------------+-----+-----------+-----+-----------+
    |      Name      | LUT | Input Size| Bits| Total Bits|
    +----------------+-----+-----------+-----+-----------+
    |ap_NS_fsm       |   21|         25|    1|         25|
    |ap_return       |  178|          2|  178|        356|
    |i_1_reg_174     |    4|          2|    4|          8|
    |i_2_reg_197     |    3|          2|    3|          6|
    |i_reg_162       |    4|          2|    4|          8|
    |pp_V_address0   |    3|          4|    3|         12|
    |pps_V_address0  |    3|          6|    3|         18|
    |pps_V_d0        |   70|          3|   70|        210|
    +----------------+-----+-----------+-----+-----------+
    |Total           |  286|         46|  266|        643|
    +----------------+-----+-----------+-----+-----------+

    * Register: 
    +-------------------+-----+----+-----+-----------+
    |        Name       |  FF | LUT| Bits| Const Bits|
    +-------------------+-----+----+-----+-----------+
    |Lo_assign_reg_604  |    7|   0|    7|          0|
    |Ui_reg_613         |    7|   0|    7|          0|
    |ap_CS_fsm          |   24|   0|   24|          0|
    |ap_return_preg     |  178|   0|  178|          0|
    |i_10_reg_648       |    4|   0|    4|          0|
    |i_1_reg_174        |    4|   0|    4|          0|
    |i_2_reg_197        |    3|   0|    3|          0|
    |i_9_reg_599        |    4|   0|    4|          0|
    |i_reg_162          |    4|   0|    4|          0|
    |p_Val2_s_reg_185   |  178|   0|  178|          0|
    |tmp_176_reg_633    |    4|   0|   64|         60|
    |tmp_181_reg_656    |    3|   0|    3|          0|
    |tmp_335_reg_625    |   70|   0|   70|          0|
    |tmp_reg_591        |   53|   0|   70|         17|
    +-------------------+-----+----+-----+-----------+
    |Total              |  543|   0|  620|         77|
    +-------------------+-----+----+-----+-----------+



================================================================
== Interface
================================================================
* Summary: 
+-----------+-----+-----+------------+------------------+--------------+
| RTL Ports | Dir | Bits|  Protocol  |   Source Object  |    C Type    |
+-----------+-----+-----+------------+------------------+--------------+
|ap_clk     |  in |    1| ap_ctrl_hs | big_mult_v3small | return value |
|ap_rst     |  in |    1| ap_ctrl_hs | big_mult_v3small | return value |
|ap_start   |  in |    1| ap_ctrl_hs | big_mult_v3small | return value |
|ap_done    | out |    1| ap_ctrl_hs | big_mult_v3small | return value |
|ap_idle    | out |    1| ap_ctrl_hs | big_mult_v3small | return value |
|ap_ready   | out |    1| ap_ctrl_hs | big_mult_v3small | return value |
|ap_return  | out |  178| ap_ctrl_hs | big_mult_v3small | return value |
|a_V        |  in |  125|   ap_none  |        a_V       |    scalar    |
|b_V        |  in |   53|   ap_none  |        b_V       |    scalar    |
+-----------+-----+-----+------------+------------------+--------------+

