

================================================================
== Vivado HLS Report for 'pulse_source'
================================================================
* Date:           Sun Oct 18 23:04:56 2020

* Version:        2016.4 (Build 1756540 on Mon Jan 23 19:31:01 MST 2017)
* Project:        wave2
* Solution:       wave
* Product family: zynq
* Target device:  xc7z020clg484-1


================================================================
== Performance Estimates
================================================================
+ Timing (ns): 
    * Summary: 
    +--------+-------+----------+------------+
    |  Clock | Target| Estimated| Uncertainty|
    +--------+-------+----------+------------+
    |ap_clk  |  10.00|      8.72|        1.25|
    +--------+-------+----------+------------+

+ Latency (clock cycles): 
    * Summary: 
    +-----+-----+-----+-----+---------+
    |  Latency  |  Interval | Pipeline|
    | min | max | min | max |   Type  |
    +-----+-----+-----+-----+---------+
    |    ?|    ?|    ?|    ?|   none  |
    +-----+-----+-----+-----+---------+

    + Detail: 
        * Instance: 
        +----------------------------------+-----------------------+-----+-----+-----+-----+---------+
        |                                  |                       |  Latency  |  Interval | Pipeline|
        |             Instance             |         Module        | min | max | min | max |   Type  |
        +----------------------------------+-----------------------+-----+-----+-----+-----+---------+
        |grp_sin_cos_range_redux_s_fu_119  |sin_cos_range_redux_s  |  240|  940|  240|  940|   none  |
        +----------------------------------+-----------------------+-----+-----+-----+-----+---------+

        * Loop: 
        +-------------+-----+-----+----------+-----------+-----------+------+----------+
        |             |  Latency  | Iteration|  Initiation Interval  | Trip |          |
        |  Loop Name  | min | max |  Latency |  achieved |   target  | Count| Pipelined|
        +-------------+-----+-----+----------+-----------+-----------+------+----------+
        |- Loop 1     |    ?|    ?|         ?|          -|          -|     ?|    no    |
        | + Loop 1.1  |    ?|    ?| 50 ~ 997 |          -|          -|     ?|    no    |
        +-------------+-----+-----+----------+-----------+-----------+------+----------+



================================================================
== Utilization Estimates
================================================================
* Summary: 
+-----------------+---------+-------+--------+-------+
|       Name      | BRAM_18K| DSP48E|   FF   |  LUT  |
+-----------------+---------+-------+--------+-------+
|DSP              |        -|      -|       -|      -|
|Expression       |        -|      -|       0|    277|
|FIFO             |        -|      -|       -|      -|
|Instance         |       13|     42|    7504|  23478|
|Memory           |        -|      -|       -|      -|
|Multiplexer      |        -|      -|       -|    456|
|Register         |        -|      -|    1069|      -|
+-----------------+---------+-------+--------+-------+
|Total            |       13|     42|    8573|  24211|
+-----------------+---------+-------+--------+-------+
|Available        |      280|    220|  106400|  53200|
+-----------------+---------+-------+--------+-------+
|Utilization (%)  |        4|     19|       8|     45|
+-----------------+---------+-------+--------+-------+

+ Detail: 
    * Instance: 
    +----------------------------------+-----------------------+---------+-------+------+-------+
    |             Instance             |         Module        | BRAM_18K| DSP48E|  FF  |  LUT  |
    +----------------------------------+-----------------------+---------+-------+------+-------+
    |s_compute_acoustijbC_U12          |s_compute_acoustijbC   |        0|      3|   445|   1149|
    |s_compute_acoustikbM_U13          |s_compute_acoustikbM   |        0|     11|   317|    578|
    |s_compute_acoustikbM_U14          |s_compute_acoustikbM   |        0|     11|   317|    578|
    |s_compute_acoustilbW_U15          |s_compute_acoustilbW   |        0|      0|   130|    469|
    |s_compute_acoustimb6_U16          |s_compute_acoustimb6   |        0|      0|   412|    645|
    |s_compute_acoustimb6_U17          |s_compute_acoustimb6   |        0|      0|   412|    645|
    |s_compute_acoustincg_U18          |s_compute_acoustincg   |        0|      0|  1832|   2180|
    |grp_sin_cos_range_redux_s_fu_119  |sin_cos_range_redux_s  |       13|     17|  3639|  17234|
    +----------------------------------+-----------------------+---------+-------+------+-------+
    |Total                             |                       |       13|     42|  7504|  23478|
    +----------------------------------+-----------------------+---------+-------+------+-------+

    * DSP48: 
    N/A

    * Memory: 
    N/A

    * FIFO: 
    N/A

    * Expression: 
    +--------------------+----------+-------+---+----+------------+------------+
    |    Variable Name   | Operation| DSP48E| FF| LUT| Bitwidth P0| Bitwidth P1|
    +--------------------+----------+-------+---+----+------------+------------+
    |i_fu_205_p2         |     +    |      0|  0|  32|           1|          32|
    |j_fu_221_p2         |     +    |      0|  0|  32|          32|           1|
    |next_mul_fu_189_p2  |     +    |      0|  0|  64|           7|          64|
    |tmp_252_fu_319_p2   |     +    |      0|  0|  15|          15|          15|
    |grp_fu_151_p0       |     -    |      0|  0|  32|          32|          32|
    |tmp_i_fu_231_p2     |     -    |      0|  0|  32|          32|          32|
    |tmp_180_fu_303_p2   |    and   |      0|  0|   1|           1|           1|
    |tmp_182_fu_309_p2   |    and   |      0|  0|   1|           1|           1|
    |notlhs1_fu_258_p2   |   icmp   |      0|  0|   4|          11|           2|
    |notlhs_fu_281_p2    |   icmp   |      0|  0|   4|          11|           2|
    |notrhs2_fu_179_p2   |   icmp   |      0|  0|  18|          52|           1|
    |notrhs_fu_287_p2    |   icmp   |      0|  0|  18|          52|           1|
    |tmp_127_fu_199_p2   |   icmp   |      0|  0|  11|          32|          32|
    |tmp_129_fu_215_p2   |   icmp   |      0|  0|  11|          32|          32|
    |tmp_178_fu_293_p2   |    or    |      0|  0|   1|           1|           1|
    |tmp_179_fu_299_p2   |    or    |      0|  0|   1|           1|           1|
    +--------------------+----------+-------+---+----+------------+------------+
    |Total               |          |      0|  0| 277|         313|         250|
    +--------------------+----------+-------+---+----+------------+------------+

    * Multiplexer: 
    +------------------+-----+-----------+-----+-----------+
    |       Name       | LUT | Input Size| Bits| Total Bits|
    +------------------+-----+-----------+-----+-----------+
    |ap_NS_fsm         |  168|         77|    1|         77|
    |grp_fu_132_p0     |   64|          5|   64|        320|
    |grp_fu_132_p1     |   64|          5|   64|        320|
    |grp_fu_146_p0     |   32|          4|   32|        128|
    |phi_mul_reg_96    |   64|          2|   64|        128|
    |x_assign_reg_84   |   32|          2|   32|         64|
    |y_assign_reg_107  |   32|          2|   32|         64|
    +------------------+-----+-----------+-----+-----------+
    |Total             |  456|         97|  289|       1101|
    +------------------+-----+-----------+-----+-----------+

    * Register: 
    +--------------------------------------------------+----+----+-----+-----------+
    |                       Name                       | FF | LUT| Bits| Const Bits|
    +--------------------------------------------------+----+----+-----+-----------+
    |ap_CS_fsm                                         |  76|   0|   76|          0|
    |ap_reg_grp_sin_cos_range_redux_s_fu_119_ap_start  |   1|   0|    1|          0|
    |i_reg_386                                         |  32|   0|   32|          0|
    |j_reg_394                                         |  32|   0|   32|          0|
    |next_mul_reg_378                                  |  64|   0|   64|          0|
    |notlhs1_reg_409                                   |   1|   0|    1|          0|
    |notrhs2_reg_368                                   |   1|   0|    1|          0|
    |phi_mul_reg_96                                    |  64|   0|   64|          0|
    |reg_159                                           |  64|   0|   64|          0|
    |reg_165                                           |  64|   0|   64|          0|
    |tmp_130_reg_466                                   |  64|   0|   64|          0|
    |tmp_182_reg_447                                   |   1|   0|    1|          0|
    |tmp_186_i_reg_414                                 |  64|   0|   64|          0|
    |tmp_187_i_reg_426                                 |  64|   0|   64|          0|
    |tmp_189_i_reg_420                                 |  64|   0|   64|          0|
    |tmp_190_i_reg_431                                 |  64|   0|   64|          0|
    |tmp_191_i_reg_436                                 |  64|   0|   64|          0|
    |tmp_192_i_reg_441                                 |  64|   0|   64|          0|
    |tmp_193_i_to_int_reg_363                          |  64|   0|   64|          0|
    |tmp_252_reg_451                                   |  15|   0|   15|          0|
    |tmp_316_reg_373                                   |  15|   0|   15|          0|
    |tmp_318_reg_456                                   |  63|   0|   63|          0|
    |x_assign_reg_84                                   |  32|   0|   32|          0|
    |y_assign_reg_107                                  |  32|   0|   32|          0|
    +--------------------------------------------------+----+----+-----+-----------+
    |Total                                             |1069|   0| 1069|          0|
    +--------------------------------------------------+----+----+-----+-----------+



================================================================
== Interface
================================================================
* Summary: 
+-------------------+-----+-----+------------+-------------------+--------------+
|     RTL Ports     | Dir | Bits|  Protocol  |   Source Object   |    C Type    |
+-------------------+-----+-----+------------+-------------------+--------------+
|ap_clk             |  in |    1| ap_ctrl_hs |    pulse_source   | return value |
|ap_rst             |  in |    1| ap_ctrl_hs |    pulse_source   | return value |
|ap_start           |  in |    1| ap_ctrl_hs |    pulse_source   | return value |
|ap_done            | out |    1| ap_ctrl_hs |    pulse_source   | return value |
|ap_idle            | out |    1| ap_ctrl_hs |    pulse_source   | return value |
|ap_ready           | out |    1| ap_ctrl_hs |    pulse_source   | return value |
|radius             |  in |   32|   ap_none  |       radius      |    scalar    |
|step               |  in |   32|   ap_none  |        step       |    scalar    |
|amp                |  in |   64|   ap_none  |        amp        |    scalar    |
|uc_address0        | out |   14|  ap_memory |         uc        |     array    |
|uc_ce0             | out |    1|  ap_memory |         uc        |     array    |
|uc_we0             | out |    1|  ap_memory |         uc        |     array    |
|uc_d0              | out |   64|  ap_memory |         uc        |     array    |
|ny                 |  in |   32|   ap_none  |         ny        |    pointer   |
|nx                 |  in |   32|   ap_none  |         nx        |    pointer   |
|scenario_source_x  |  in |   32|   ap_none  | scenario_source_x |    pointer   |
|scenario_source_y  |  in |   32|   ap_none  | scenario_source_y |    pointer   |
+-------------------+-----+-----+------------+-------------------+--------------+

