

================================================================
== Vivado HLS Report for 's_compute_acoustics'
================================================================
* Date:           Sun Oct 18 23:04:59 2020

* Version:        2016.4 (Build 1756540 on Mon Jan 23 19:31:01 MST 2017)
* Project:        wave2
* Solution:       wave
* Product family: zynq
* Target device:  xc7z020clg484-1


================================================================
== Performance Estimates
================================================================
+ Timing (ns): 
    * Summary: 
    +--------+-------+----------+------------+
    |  Clock | Target| Estimated| Uncertainty|
    +--------+-------+----------+------------+
    |ap_clk  |  10.00|      9.89|        1.25|
    +--------+-------+----------+------------+

+ Latency (clock cycles): 
    * Summary: 
    +-----+-----+-----+-----+---------+
    |  Latency  |  Interval | Pipeline|
    | min | max | min | max |   Type  |
    +-----+-----+-----+-----+---------+
    |    ?|    ?|    ?|    ?|   none  |
    +-----+-----+-----+-----+---------+

    + Detail: 
        * Instance: 
        +---------------------------------+---------------------+-----+-----+-----+-----+---------+
        |                                 |                     |  Latency  |  Interval | Pipeline|
        |             Instance            |        Module       | min | max | min | max |   Type  |
        +---------------------------------+---------------------+-----+-----+-----+-----+---------+
        |grp_pulse_source_fu_1280         |pulse_source         |    ?|    ?|    ?|    ?|   none  |
        |grp_on_structure_edge_fu_1301    |on_structure_edge    |    ?|    ?|    ?|    ?|   none  |
        |grp_on_structure_corner_fu_1317  |on_structure_corner  |    ?|    ?|    ?|    ?|   none  |
        |grp_in_structure_fu_1333         |in_structure         |    ?|    ?|    ?|    ?|   none  |
        |grp_on_edge_fu_1349              |on_edge              |    1|    1|    1|    1|   none  |
        +---------------------------------+---------------------+-----+-----+-----+-----+---------+

        * Loop: 
        +------------------------+-------+-------+----------+-----------+-----------+-------+----------+
        |                        |    Latency    | Iteration|  Initiation Interval  |  Trip |          |
        |        Loop Name       |  min  |  max  |  Latency |  achieved |   target  | Count | Pipelined|
        +------------------------+-------+-------+----------+-----------+-----------+-------+----------+
        |- memset_ua             |  10099|  10099|       101|          -|          -|    100|    no    |
        | + memset_ua            |     99|     99|         1|          -|          -|    100|    no    |
        |- memset_ub             |  10099|  10099|       101|          -|          -|    100|    no    |
        | + memset_ub            |     99|     99|         1|          -|          -|    100|    no    |
        |- memset_uc             |  10099|  10099|       101|          -|          -|    100|    no    |
        | + memset_uc            |     99|     99|         1|          -|          -|    100|    no    |
        |- Loop 4                |      ?|      ?|         ?|          -|          -|      ?|    no    |
        | + Loop 4.1             |      ?|      ?|         ?|          -|          -|      ?|    no    |
        |  ++ Loop 4.1.1         |      ?|      ?|        49|          -|          -|      ?|    no    |
        | + Loop 4.2             |      ?|      ?|         ?|          -|          -|      ?|    no    |
        |  ++ Loop 4.2.1         |      ?|      ?|         ?|          -|          -|      ?|    no    |
        | + Loop 4.3             |      ?|      ?|         ?|          -|          -|      ?|    no    |
        |  ++ Loop 4.3.1         |      ?|      ?|        49|          -|          -|      ?|    no    |
        | + Loop 4.4             |      ?|      ?|         ?|          -|          -|      ?|    no    |
        |  ++ Loop 4.4.1         |      ?|      ?|         ?|          -|          -|      ?|    no    |
        | + Loop 4.5             |      ?|      ?|         ?|          -|          -|      ?|    no    |
        |  ++ Loop 4.5.1         |      ?|      ?|        49|          -|          -|      ?|    no    |
        | + Loop 4.6             |      ?|      ?|         ?|          -|          -|      ?|    no    |
        |  ++ Loop 4.6.1         |      ?|      ?|         ?|          -|          -|      ?|    no    |
        |- memcpy.result.uc.gep  |  10001|  10001|         3|          1|          1|  10000|    yes   |
        +------------------------+-------+-------+----------+-----------+-----------+-------+----------+



================================================================
== Utilization Estimates
================================================================
* Summary: 
+-----------------+---------+-------+--------+-------+
|       Name      | BRAM_18K| DSP48E|   FF   |  LUT  |
+-----------------+---------+-------+--------+-------+
|DSP              |        -|      6|       -|      -|
|Expression       |        -|      -|       0|   7480|
|FIFO             |        -|      -|       -|      -|
|Instance         |       17|     67|   16924|  36630|
|Memory           |      193|      -|       0|      0|
|Multiplexer      |        -|      -|       -|   5068|
|Register         |        -|      -|    4954|      -|
+-----------------+---------+-------+--------+-------+
|Total            |      210|     73|   21878|  49178|
+-----------------+---------+-------+--------+-------+
|Available        |      280|    220|  106400|  53200|
+-----------------+---------+-------+--------+-------+
|Utilization (%)  |       75|     33|      20|     92|
+-----------------+---------+-------+--------+-------+

+ Detail: 
    * Instance: 
    +-----------------------------------------+---------------------------------------+---------+-------+------+-------+
    |                 Instance                |                 Module                | BRAM_18K| DSP48E|  FF  |  LUT  |
    +-----------------------------------------+---------------------------------------+---------+-------+------+-------+
    |grp_in_structure_fu_1333                 |in_structure                           |        0|      0|    86|    268|
    |grp_on_edge_fu_1349                      |on_edge                                |        0|      0|     7|    179|
    |grp_on_structure_corner_fu_1317          |on_structure_corner                    |        0|      0|   143|    454|
    |grp_on_structure_edge_fu_1301            |on_structure_edge                      |        0|      0|   181|    506|
    |grp_pulse_source_fu_1280                 |pulse_source                           |       13|     42|  8573|  24211|
    |s_compute_acoustics_CONTROL_BUS_s_axi_U  |s_compute_acoustics_CONTROL_BUS_s_axi  |        0|      0|    36|     40|
    |s_compute_acoustics_result_m_axi_U       |s_compute_acoustics_result_m_axi       |        4|      0|   566|    766|
    |s_compute_acoustikbM_x_U44               |s_compute_acoustikbM                   |        0|     11|   317|    578|
    |s_compute_acoustikbM_x_U45               |s_compute_acoustikbM                   |        0|     11|   317|    578|
    |s_compute_acoustilbW_x_U47               |s_compute_acoustilbW                   |        0|      0|   130|    469|
    |s_compute_acoustimb6_x_U48               |s_compute_acoustimb6                   |        0|      0|   412|    645|
    |s_compute_acoustimb6_x_U49               |s_compute_acoustimb6                   |        0|      0|   412|    645|
    |s_compute_acoustincg_x_U50               |s_compute_acoustincg                   |        0|      0|  1832|   2180|
    |s_compute_acoustisc4_U43                 |s_compute_acoustisc4                   |        0|      3|   445|   1149|
    |s_compute_acoustitde_U46                 |s_compute_acoustitde                   |        0|      0|  3211|   3658|
    |s_compute_acoustiudo_U51                 |s_compute_acoustiudo                   |        0|      0|   256|    304|
    +-----------------------------------------+---------------------------------------+---------+-------+------+-------+
    |Total                                    |                                       |       17|     67| 16924|  36630|
    +-----------------------------------------+---------------------------------------+---------+-------+------+-------+

    * DSP48: 
    +--------------------------+----------------------+--------------+
    |         Instance         |        Module        |  Expression  |
    +--------------------------+----------------------+--------------+
    |s_compute_acoustivdy_U52  |s_compute_acoustivdy  |    i0 * i1   |
    |s_compute_acoustivdy_U54  |s_compute_acoustivdy  |    i0 * i1   |
    |s_compute_acoustivdy_U56  |s_compute_acoustivdy  |    i0 * i1   |
    |s_compute_acoustiwdI_U53  |s_compute_acoustiwdI  | i0 + i1 * i2 |
    |s_compute_acoustiwdI_U55  |s_compute_acoustiwdI  | i0 + i1 * i2 |
    |s_compute_acoustiwdI_U57  |s_compute_acoustiwdI  | i0 + i1 * i2 |
    +--------------------------+----------------------+--------------+

    * Memory: 
    +------------------------+----------------------+---------+---+----+-------+-----+------+-------------+
    |         Memory         |        Module        | BRAM_18K| FF| LUT| Words | Bits| Banks| W*Bits*Banks|
    +------------------------+----------------------+---------+---+----+-------+-----+------+-------------+
    |scenario_structure_c_U  |s_compute_acoustiocq  |        1|  0|   0|     80|   32|     1|         2560|
    |ua_U                    |s_compute_acoustipcA  |       64|  0|   0|  10000|   64|     1|       640000|
    |uc_U                    |s_compute_acoustipcA  |       64|  0|   0|  10000|   64|     1|       640000|
    |ub_U                    |s_compute_acoustiqcK  |       64|  0|   0|  10000|   64|     1|       640000|
    +------------------------+----------------------+---------+---+----+-------+-----+------+-------------+
    |Total                   |                      |      193|  0|   0|  30080|  224|     4|      1922560|
    +------------------------+----------------------+---------+---+----+-------+-----+------+-------------+

    * FIFO: 
    N/A

    * Expression: 
    +-----------------------------------+----------+-------+---+-----+------------+------------+
    |           Variable Name           | Operation| DSP48E| FF| LUT | Bitwidth P0| Bitwidth P1|
    +-----------------------------------+----------+-------+---+-----+------------+------------+
    |grp_fu_1470_p2                     |     +    |      0|  0|   32|          32|           2|
    |grp_fu_1476_p2                     |     +    |      0|  0|   32|          32|           2|
    |i_1_fu_2456_p2                     |     +    |      0|  0|   32|           1|          32|
    |i_2_fu_3209_p2                     |     +    |      0|  0|   32|           1|          32|
    |i_3_fu_2430_p2                     |     +    |      0|  0|   32|           1|          32|
    |i_4_fu_2289_p2                     |     +    |      0|  0|   32|           1|          32|
    |i_5_fu_2404_p2                     |     +    |      0|  0|   32|           1|          32|
    |i_fu_4052_p2                       |     +    |      0|  0|   32|           1|          32|
    |indvar_next_fu_4885_p2             |     +    |      0|  0|   14|          14|           1|
    |indvarinc1_fu_1753_p2              |     +    |      0|  0|    7|           7|           1|
    |indvarinc2_fu_1792_p2              |     +    |      0|  0|    7|           7|           1|
    |indvarinc3_fu_1798_p2              |     +    |      0|  0|    7|           7|           1|
    |indvarinc4_fu_1837_p2              |     +    |      0|  0|    7|           7|           1|
    |indvarinc5_fu_1843_p2              |     +    |      0|  0|    7|           7|           1|
    |indvarinc_fu_1747_p2               |     +    |      0|  0|    7|           7|           1|
    |j_1_fu_3221_p2                     |     +    |      0|  0|   32|          32|           1|
    |j_2_fu_2301_p2                     |     +    |      0|  0|   32|          32|           1|
    |j_3_fu_4168_p2                     |     +    |      0|  0|   32|          32|           1|
    |j_4_fu_3325_p2                     |     +    |      0|  0|   32|          32|           1|
    |j_5_fu_2482_p2                     |     +    |      0|  0|   32|          32|           1|
    |j_fu_4064_p2                       |     +    |      0|  0|   32|          32|           1|
    |next_mul1_fu_4040_p2               |     +    |      0|  0|   64|           7|          64|
    |next_mul2_fu_3197_p2               |     +    |      0|  0|   64|           7|          64|
    |next_mul3_fu_2277_p2               |     +    |      0|  0|   64|           7|          64|
    |next_mul4_fu_2444_p2               |     +    |      0|  0|   64|           7|          64|
    |next_mul5_fu_2418_p2               |     +    |      0|  0|   64|           7|          64|
    |next_mul6_fu_1786_p2               |     +    |      0|  0|   14|          14|           7|
    |next_mul7_fu_2392_p2               |     +    |      0|  0|   64|           7|          64|
    |next_mul8_fu_1831_p2               |     +    |      0|  0|   14|          14|           7|
    |next_mul_fu_1741_p2                |     +    |      0|  0|   14|          14|           7|
    |sh_assign_fu_2004_p2               |     +    |      0|  0|   12|          11|          12|
    |step_1_fu_2107_p2                  |     +    |      0|  0|   32|           1|          32|
    |tmp_113_fu_4140_p2                 |     +    |      0|  0|   15|          15|          15|
    |tmp_130_fu_3297_p2                 |     +    |      0|  0|   15|          15|          15|
    |tmp_145_fu_2377_p2                 |     +    |      0|  0|   15|          15|          15|
    |tmp_174_fu_4403_p2                 |     +    |      0|  0|   15|          15|          15|
    |tmp_175_fu_4416_p2                 |     +    |      0|  0|   15|          15|          15|
    |tmp_176_fu_4425_p2                 |     +    |      0|  0|   15|          15|          15|
    |tmp_177_fu_4433_p2                 |     +    |      0|  0|   15|          15|          15|
    |tmp_178_fu_4452_p2                 |     +    |      0|  0|    7|          15|          15|
    |tmp_179_fu_4480_p2                 |     +    |      0|  0|   15|          15|          15|
    |tmp_180_fu_4537_p2                 |     +    |      0|  0|   15|          15|          15|
    |tmp_181_fu_4500_p2                 |     +    |      0|  0|    7|          15|          15|
    |tmp_182_fu_4549_p2                 |     +    |      0|  0|   15|          15|          15|
    |tmp_183_fu_4592_p2                 |     +    |      0|  0|   15|          15|          15|
    |tmp_184_fu_4513_p2                 |     +    |      0|  0|   15|          15|          15|
    |tmp_185_fu_4527_p2                 |     +    |      0|  0|   15|          15|          15|
    |tmp_186_fu_4601_p2                 |     +    |      0|  0|   15|          15|          15|
    |tmp_187_fu_4620_p2                 |     +    |      0|  0|    7|          15|          15|
    |tmp_188_fu_4679_p2                 |     +    |      0|  0|   15|          15|          15|
    |tmp_189_fu_3560_p2                 |     +    |      0|  0|   15|          15|          15|
    |tmp_190_fu_3573_p2                 |     +    |      0|  0|   15|          15|          15|
    |tmp_191_fu_3582_p2                 |     +    |      0|  0|   15|          15|          15|
    |tmp_192_fu_3590_p2                 |     +    |      0|  0|   15|          15|          15|
    |tmp_193_fu_3609_p2                 |     +    |      0|  0|    7|          15|          15|
    |tmp_194_fu_3637_p2                 |     +    |      0|  0|   15|          15|          15|
    |tmp_195_fu_3694_p2                 |     +    |      0|  0|   15|          15|          15|
    |tmp_196_fu_3657_p2                 |     +    |      0|  0|    7|          15|          15|
    |tmp_197_fu_3706_p2                 |     +    |      0|  0|   15|          15|          15|
    |tmp_198_fu_3749_p2                 |     +    |      0|  0|   15|          15|          15|
    |tmp_199_fu_4692_p2                 |     +    |      0|  0|   15|          15|          15|
    |tmp_200_fu_4715_p2                 |     +    |      0|  0|   15|          15|          15|
    |tmp_201_fu_4705_p2                 |     +    |      0|  0|   15|          15|          15|
    |tmp_202_fu_4734_p2                 |     +    |      0|  0|    7|          15|          15|
    |tmp_203_fu_4777_p2                 |     +    |      0|  0|   15|          15|          15|
    |tmp_204_fu_3670_p2                 |     +    |      0|  0|   15|          15|          15|
    |tmp_205_fu_3684_p2                 |     +    |      0|  0|   15|          15|          15|
    |tmp_206_fu_3758_p2                 |     +    |      0|  0|   15|          15|          15|
    |tmp_207_fu_3777_p2                 |     +    |      0|  0|    7|          15|          15|
    |tmp_208_fu_3836_p2                 |     +    |      0|  0|   15|          15|          15|
    |tmp_209_fu_2717_p2                 |     +    |      0|  0|   15|          15|          15|
    |tmp_210_fu_2730_p2                 |     +    |      0|  0|   15|          15|          15|
    |tmp_211_fu_2739_p2                 |     +    |      0|  0|   15|          15|          15|
    |tmp_212_fu_2747_p2                 |     +    |      0|  0|   15|          15|          15|
    |tmp_213_fu_2766_p2                 |     +    |      0|  0|    7|          15|          15|
    |tmp_214_fu_2794_p2                 |     +    |      0|  0|   15|          15|          15|
    |tmp_215_fu_2851_p2                 |     +    |      0|  0|   15|          15|          15|
    |tmp_216_fu_2814_p2                 |     +    |      0|  0|    7|          15|          15|
    |tmp_217_fu_2863_p2                 |     +    |      0|  0|   15|          15|          15|
    |tmp_218_fu_2906_p2                 |     +    |      0|  0|   15|          15|          15|
    |tmp_219_fu_4796_p2                 |     +    |      0|  0|    7|          15|          15|
    |tmp_220_fu_4810_p2                 |     +    |      0|  0|   15|          15|          15|
    |tmp_221_fu_4823_p2                 |     +    |      0|  0|   15|          15|          15|
    |tmp_222_fu_4832_p2                 |     +    |      0|  0|   15|          15|          15|
    |tmp_223_fu_4870_p2                 |     +    |      0|  0|   15|          15|          15|
    |tmp_224_fu_3849_p2                 |     +    |      0|  0|   15|          15|          15|
    |tmp_225_fu_3872_p2                 |     +    |      0|  0|   15|          15|          15|
    |tmp_226_fu_3862_p2                 |     +    |      0|  0|   15|          15|          15|
    |tmp_227_fu_3891_p2                 |     +    |      0|  0|    7|          15|          15|
    |tmp_228_fu_3934_p2                 |     +    |      0|  0|   15|          15|          15|
    |tmp_229_fu_2827_p2                 |     +    |      0|  0|   15|          15|          15|
    |tmp_230_fu_2841_p2                 |     +    |      0|  0|   15|          15|          15|
    |tmp_231_fu_2915_p2                 |     +    |      0|  0|   15|          15|          15|
    |tmp_232_fu_2934_p2                 |     +    |      0|  0|    7|          15|          15|
    |tmp_233_fu_2993_p2                 |     +    |      0|  0|   15|          15|          15|
    |tmp_234_fu_3953_p2                 |     +    |      0|  0|    7|          15|          15|
    |tmp_235_fu_3967_p2                 |     +    |      0|  0|   15|          15|          15|
    |tmp_236_fu_3980_p2                 |     +    |      0|  0|   15|          15|          15|
    |tmp_237_fu_3989_p2                 |     +    |      0|  0|   15|          15|          15|
    |tmp_238_fu_4027_p2                 |     +    |      0|  0|   15|          15|          15|
    |tmp_239_fu_3006_p2                 |     +    |      0|  0|   15|          15|          15|
    |tmp_240_fu_3029_p2                 |     +    |      0|  0|   15|          15|          15|
    |tmp_241_fu_3019_p2                 |     +    |      0|  0|   15|          15|          15|
    |tmp_242_fu_3048_p2                 |     +    |      0|  0|    7|          15|          15|
    |tmp_243_fu_3091_p2                 |     +    |      0|  0|   15|          15|          15|
    |tmp_244_fu_3110_p2                 |     +    |      0|  0|    7|          15|          15|
    |tmp_245_fu_3124_p2                 |     +    |      0|  0|   15|          15|          15|
    |tmp_246_fu_3137_p2                 |     +    |      0|  0|   15|          15|          15|
    |tmp_247_fu_3146_p2                 |     +    |      0|  0|   15|          15|          15|
    |tmp_248_fu_3184_p2                 |     +    |      0|  0|   15|          15|          15|
    |tmp_249_fu_4466_p2                 |     +    |      0|  0|   15|          15|          15|
    |tmp_250_fu_3623_p2                 |     +    |      0|  0|   15|          15|          15|
    |tmp_251_fu_2780_p2                 |     +    |      0|  0|   15|          15|          15|
    |tmp_255_fu_4446_p2                 |     +    |      0|  0|    7|           2|          15|
    |tmp_258_fu_4494_p2                 |     +    |      0|  0|    7|           2|          15|
    |tmp_263_fu_4614_p2                 |     +    |      0|  0|    7|           2|          15|
    |tmp_267_fu_3603_p2                 |     +    |      0|  0|    7|           2|          15|
    |tmp_270_fu_3651_p2                 |     +    |      0|  0|    7|           2|          15|
    |tmp_275_fu_4728_p2                 |     +    |      0|  0|    7|           2|          15|
    |tmp_279_fu_3771_p2                 |     +    |      0|  0|    7|           2|          15|
    |tmp_283_fu_2760_p2                 |     +    |      0|  0|    7|           2|          15|
    |tmp_286_fu_2808_p2                 |     +    |      0|  0|    7|           2|          15|
    |tmp_289_fu_4790_p2                 |     +    |      0|  0|    7|           2|          15|
    |tmp_295_fu_3885_p2                 |     +    |      0|  0|    7|           2|          15|
    |tmp_299_fu_2928_p2                 |     +    |      0|  0|    7|           2|          15|
    |tmp_29_fu_1763_p2                  |     +    |      0|  0|   14|          14|          14|
    |tmp_301_fu_3947_p2                 |     +    |      0|  0|    7|           2|          15|
    |tmp_307_fu_3042_p2                 |     +    |      0|  0|    7|           2|          15|
    |tmp_309_fu_3104_p2                 |     +    |      0|  0|    7|           2|          15|
    |tmp_32_fu_1808_p2                  |     +    |      0|  0|   14|          14|          14|
    |tmp_35_fu_1853_p2                  |     +    |      0|  0|   14|          14|          14|
    |grp_fu_1399_p2                     |     -    |      0|  0|   32|           1|          32|
    |p_Val2_i_i_fu_2090_p2              |     -    |      0|  0|   32|           1|          32|
    |p_neg_t1_fu_2152_p2                |     -    |      0|  0|   32|           1|          32|
    |p_neg_t7_fu_2196_p2                |     -    |      0|  0|   32|           1|          32|
    |p_neg_t_fu_2240_p2                 |     -    |      0|  0|   32|           1|          32|
    |tmp_174_i1_fu_3234_p2              |     -    |      0|  0|   32|           1|          32|
    |tmp_174_i2_fu_2314_p2              |     -    |      0|  0|   32|           1|          32|
    |tmp_174_i3_fu_4335_p2              |     -    |      0|  0|   32|           1|          32|
    |tmp_174_i4_fu_3492_p2              |     -    |      0|  0|   32|           1|          32|
    |tmp_174_i5_fu_2649_p2              |     -    |      0|  0|   32|           1|          32|
    |tmp_174_i_fu_4077_p2               |     -    |      0|  0|   32|           1|          32|
    |tmp_i1_fu_3227_p2                  |     -    |      0|  0|   32|           1|          32|
    |tmp_i2_fu_2307_p2                  |     -    |      0|  0|   32|           1|          32|
    |tmp_i4_49_fu_4328_p2               |     -    |      0|  0|   32|           1|          32|
    |tmp_i7_51_fu_3485_p2               |     -    |      0|  0|   32|           1|          32|
    |tmp_i8_53_fu_2642_p2               |     -    |      0|  0|   32|           1|          32|
    |tmp_i_fu_4070_p2                   |     -    |      0|  0|   32|           1|          32|
    |tmp_i_i_47_fu_2018_p2              |     -    |      0|  0|   11|          10|          11|
    |demorgan1_fu_3551_p2               |    and   |      0|  0|    1|           1|           1|
    |demorgan2_fu_2708_p2               |    and   |      0|  0|    1|           1|           1|
    |demorgan_fu_4394_p2                |    and   |      0|  0|    1|           1|           1|
    |or_cond1_i1_fu_3361_p2             |    and   |      0|  0|    1|           1|           1|
    |or_cond1_i2_fu_2518_p2             |    and   |      0|  0|    1|           1|           1|
    |or_cond1_i_fu_4204_p2              |    and   |      0|  0|    1|           1|           1|
    |sel_tmp10_i1_fu_3423_p2            |    and   |      0|  0|    1|           1|           1|
    |sel_tmp10_i2_fu_2580_p2            |    and   |      0|  0|    1|           1|           1|
    |sel_tmp10_i_fu_4266_p2             |    and   |      0|  0|    1|           1|           1|
    |sel_tmp20_i1_fu_3451_p2            |    and   |      0|  0|    1|           1|           1|
    |sel_tmp20_i2_fu_2608_p2            |    and   |      0|  0|    1|           1|           1|
    |sel_tmp20_i_fu_4294_p2             |    and   |      0|  0|    1|           1|           1|
    |sel_tmp3_i1_fu_3376_p2             |    and   |      0|  0|    1|           1|           1|
    |sel_tmp3_i2_fu_2533_p2             |    and   |      0|  0|    1|           1|           1|
    |sel_tmp3_i_fu_4219_p2              |    and   |      0|  0|    1|           1|           1|
    |sel_tmp9_demorgan_i1_fu_3407_p2    |    and   |      0|  0|    1|           1|           1|
    |sel_tmp9_demorgan_i2_fu_2564_p2    |    and   |      0|  0|    1|           1|           1|
    |sel_tmp9_demorgan_i_fu_4250_p2     |    and   |      0|  0|    1|           1|           1|
    |tmp130_fu_4214_p2                  |    and   |      0|  0|    1|           1|           1|
    |tmp132_fu_4260_p2                  |    and   |      0|  0|    1|           1|           1|
    |tmp133_fu_4284_p2                  |    and   |      0|  0|    1|           1|           1|
    |tmp136_fu_3371_p2                  |    and   |      0|  0|    1|           1|           1|
    |tmp138_fu_3417_p2                  |    and   |      0|  0|    1|           1|           1|
    |tmp139_fu_3441_p2                  |    and   |      0|  0|    1|           1|           1|
    |tmp151_fu_2528_p2                  |    and   |      0|  0|    1|           1|           1|
    |tmp153_fu_2574_p2                  |    and   |      0|  0|    1|           1|           1|
    |tmp154_fu_2598_p2                  |    and   |      0|  0|    1|           1|           1|
    |tmp_102_fu_3281_p2                 |    and   |      0|  0|    1|           1|           1|
    |tmp_107_fu_3287_p2                 |    and   |      0|  0|    1|           1|           1|
    |tmp_122_fu_2361_p2                 |    and   |      0|  0|    1|           1|           1|
    |tmp_128_fu_2367_p2                 |    and   |      0|  0|    1|           1|           1|
    |tmp_147_fu_4382_p2                 |    and   |      0|  0|    1|           1|           1|
    |tmp_149_fu_4388_p2                 |    and   |      0|  0|    1|           1|           1|
    |tmp_162_fu_3539_p2                 |    and   |      0|  0|    1|           1|           1|
    |tmp_164_fu_3545_p2                 |    and   |      0|  0|    1|           1|           1|
    |tmp_171_fu_2696_p2                 |    and   |      0|  0|    1|           1|           1|
    |tmp_173_fu_2702_p2                 |    and   |      0|  0|    1|           1|           1|
    |tmp_62_fu_4124_p2                  |    and   |      0|  0|    1|           1|           1|
    |tmp_77_fu_4130_p2                  |    and   |      0|  0|    1|           1|           1|
    |exitcond_fu_4879_p2                |   icmp   |      0|  0|    5|          14|          14|
    |grp_fu_1417_p2                     |   icmp   |      0|  0|   11|          32|           1|
    |grp_fu_1458_p2                     |   icmp   |      0|  0|    4|          11|           2|
    |grp_fu_1464_p2                     |   icmp   |      0|  0|   11|          32|           1|
    |grp_fu_1482_p2                     |   icmp   |      0|  0|    2|           3|           1|
    |grp_fu_1488_p2                     |   icmp   |      0|  0|    2|           3|           1|
    |grp_fu_1651_p2                     |   icmp   |      0|  0|    2|           4|           1|
    |grp_fu_1657_p2                     |   icmp   |      0|  0|    2|           3|           2|
    |grp_fu_1663_p2                     |   icmp   |      0|  0|    2|           3|           2|
    |grp_fu_1669_p2                     |   icmp   |      0|  0|    2|           3|           4|
    |grp_fu_1675_p2                     |   icmp   |      0|  0|    2|           3|           1|
    |grp_fu_1681_p2                     |   icmp   |      0|  0|    2|           3|           2|
    |grp_fu_1687_p2                     |   icmp   |      0|  0|    2|           3|           2|
    |grp_fu_1693_p2                     |   icmp   |      0|  0|    2|           3|           4|
    |grp_fu_1699_p2                     |   icmp   |      0|  0|    2|           3|           1|
    |grp_fu_1705_p2                     |   icmp   |      0|  0|    2|           4|           5|
    |grp_fu_1711_p2                     |   icmp   |      0|  0|    2|           4|           3|
    |grp_fu_1717_p2                     |   icmp   |      0|  0|    2|           4|           3|
    |grp_fu_1723_p2                     |   icmp   |      0|  0|    2|           4|           3|
    |notlhs1_fu_4102_p2                 |   icmp   |      0|  0|    4|          11|           2|
    |notlhs3_fu_3259_p2                 |   icmp   |      0|  0|    4|          11|           2|
    |notlhs5_fu_2339_p2                 |   icmp   |      0|  0|    4|          11|           2|
    |notlhs7_fu_4360_p2                 |   icmp   |      0|  0|    4|          11|           2|
    |notlhs9_fu_3517_p2                 |   icmp   |      0|  0|    4|          11|           2|
    |notlhs_fu_2674_p2                  |   icmp   |      0|  0|    4|          11|           2|
    |notrhs1_fu_4108_p2                 |   icmp   |      0|  0|   18|          52|           1|
    |notrhs3_fu_3265_p2                 |   icmp   |      0|  0|   18|          52|           1|
    |notrhs5_fu_2345_p2                 |   icmp   |      0|  0|   18|          52|           1|
    |notrhs7_fu_4366_p2                 |   icmp   |      0|  0|   18|          52|           1|
    |notrhs8_fu_1947_p2                 |   icmp   |      0|  0|   18|          52|           1|
    |notrhs9_fu_3523_p2                 |   icmp   |      0|  0|   18|          52|           1|
    |notrhs_fu_2680_p2                  |   icmp   |      0|  0|   18|          52|           1|
    |sel_tmp2_i1_fu_4635_p2             |   icmp   |      0|  0|    2|           4|           3|
    |sel_tmp2_i4_fu_3792_p2             |   icmp   |      0|  0|    2|           4|           3|
    |sel_tmp2_i8_fu_2949_p2             |   icmp   |      0|  0|    2|           4|           3|
    |sel_tmp4_i11_fu_2954_p2            |   icmp   |      0|  0|    2|           4|           3|
    |sel_tmp4_i4_fu_4640_p2             |   icmp   |      0|  0|    2|           4|           3|
    |sel_tmp4_i7_fu_3797_p2             |   icmp   |      0|  0|    2|           4|           3|
    |sel_tmp6_i1_fu_4645_p2             |   icmp   |      0|  0|    2|           4|           3|
    |sel_tmp6_i4_fu_3802_p2             |   icmp   |      0|  0|    2|           4|           3|
    |sel_tmp6_i8_fu_2959_p2             |   icmp   |      0|  0|    2|           4|           3|
    |sel_tmp_i11_fu_2944_p2             |   icmp   |      0|  0|    2|           4|           5|
    |sel_tmp_i3_fu_4630_p2              |   icmp   |      0|  0|    2|           4|           5|
    |sel_tmp_i7_fu_3787_p2              |   icmp   |      0|  0|    2|           4|           5|
    |tmp_10_fu_1870_p2                  |   icmp   |      0|  0|    3|           7|           6|
    |tmp_11_fu_2101_p2                  |   icmp   |      0|  0|   11|          32|          32|
    |tmp_14_fu_2123_p2                  |   icmp   |      0|  0|    2|           3|           1|
    |tmp_164_i1_fu_3313_p2              |   icmp   |      0|  0|   11|          32|           1|
    |tmp_164_i2_fu_2470_p2              |   icmp   |      0|  0|   11|          32|           1|
    |tmp_164_i_fu_4156_p2               |   icmp   |      0|  0|   11|          32|           1|
    |tmp_166_i1_fu_3331_p2              |   icmp   |      0|  0|   11|          32|          32|
    |tmp_166_i2_fu_2488_p2              |   icmp   |      0|  0|   11|          32|          32|
    |tmp_166_i_fu_4174_p2               |   icmp   |      0|  0|   11|          32|          32|
    |tmp_168_i1_fu_3337_p2              |   icmp   |      0|  0|   11|          32|          32|
    |tmp_168_i2_fu_2494_p2              |   icmp   |      0|  0|   11|          32|          32|
    |tmp_168_i_fu_4180_p2               |   icmp   |      0|  0|   11|          32|          32|
    |tmp_169_i1_fu_3343_p2              |   icmp   |      0|  0|   11|          32|           1|
    |tmp_169_i2_fu_2500_p2              |   icmp   |      0|  0|   11|          32|           1|
    |tmp_169_i_fu_4186_p2               |   icmp   |      0|  0|   11|          32|           1|
    |tmp_16_fu_2267_p2                  |   icmp   |      0|  0|   11|          32|          32|
    |tmp_17_fu_2129_p2                  |   icmp   |      0|  0|    2|           3|           1|
    |tmp_21_fu_2223_p2                  |   icmp   |      0|  0|   11|          32|          32|
    |tmp_24_fu_2135_p2                  |   icmp   |      0|  0|    2|           3|           2|
    |tmp_27_fu_2179_p2                  |   icmp   |      0|  0|   11|          32|          32|
    |tmp_28_fu_4046_p2                  |   icmp   |      0|  0|   11|          32|          32|
    |tmp_2_fu_1774_p2                   |   icmp   |      0|  0|    3|           7|           6|
    |tmp_30_fu_3203_p2                  |   icmp   |      0|  0|   11|          32|          32|
    |tmp_31_fu_4058_p2                  |   icmp   |      0|  0|   11|          32|          32|
    |tmp_33_fu_2283_p2                  |   icmp   |      0|  0|   11|          32|          32|
    |tmp_36_fu_2450_p2                  |   icmp   |      0|  0|   11|          32|          32|
    |tmp_3_fu_1780_p2                   |   icmp   |      0|  0|    3|           7|           6|
    |tmp_40_fu_3215_p2                  |   icmp   |      0|  0|   11|          32|          32|
    |tmp_43_fu_2424_p2                  |   icmp   |      0|  0|   11|          32|          32|
    |tmp_46_fu_4162_p2                  |   icmp   |      0|  0|   11|          32|          32|
    |tmp_48_fu_2295_p2                  |   icmp   |      0|  0|   11|          32|          32|
    |tmp_51_fu_2398_p2                  |   icmp   |      0|  0|   11|          32|          32|
    |tmp_53_fu_4322_p2                  |   icmp   |      0|  0|    2|           4|           1|
    |tmp_55_fu_3319_p2                  |   icmp   |      0|  0|   11|          32|          32|
    |tmp_60_fu_3479_p2                  |   icmp   |      0|  0|    2|           4|           1|
    |tmp_61_fu_2476_p2                  |   icmp   |      0|  0|   11|          32|          32|
    |tmp_66_fu_2636_p2                  |   icmp   |      0|  0|    2|           4|           1|
    |tmp_6_fu_1819_p2                   |   icmp   |      0|  0|    3|           7|           6|
    |tmp_7_fu_1825_p2                   |   icmp   |      0|  0|    3|           7|           6|
    |tmp_i3_50_fu_3355_p2               |   icmp   |      0|  0|   11|          32|           1|
    |tmp_i5_48_fu_4198_p2               |   icmp   |      0|  0|   11|          32|           1|
    |tmp_i6_52_fu_2512_p2               |   icmp   |      0|  0|   11|          32|           1|
    |tmp_s_fu_1864_p2                   |   icmp   |      0|  0|    3|           7|           6|
    |tmp_240_i_i_fu_2048_p2             |   lshr   |      0|  0|  157|          53|          53|
    |sel_tmp14_demorgan_i_1_fu_3429_p2  |    or    |      0|  0|    1|           1|           1|
    |sel_tmp14_demorgan_i_2_fu_2586_p2  |    or    |      0|  0|    1|           1|           1|
    |sel_tmp14_demorgan_i_fu_4272_p2    |    or    |      0|  0|    1|           1|           1|
    |tmp_115_fu_2351_p2                 |    or    |      0|  0|    1|           1|           1|
    |tmp_120_fu_2357_p2                 |    or    |      0|  0|    1|           1|           1|
    |tmp_129_fu_4232_p2                 |    or    |      0|  0|    1|           1|           1|
    |tmp_131_fu_4308_p2                 |    or    |      0|  0|    1|           1|           1|
    |tmp_135_fu_3389_p2                 |    or    |      0|  0|    1|           1|           1|
    |tmp_137_fu_3465_p2                 |    or    |      0|  0|    1|           1|           1|
    |tmp_144_fu_4372_p2                 |    or    |      0|  0|    1|           1|           1|
    |tmp_146_fu_4378_p2                 |    or    |      0|  0|    1|           1|           1|
    |tmp_150_fu_2546_p2                 |    or    |      0|  0|    1|           1|           1|
    |tmp_152_fu_2622_p2                 |    or    |      0|  0|    1|           1|           1|
    |tmp_159_fu_3529_p2                 |    or    |      0|  0|    1|           1|           1|
    |tmp_161_fu_3535_p2                 |    or    |      0|  0|    1|           1|           1|
    |tmp_168_fu_2686_p2                 |    or    |      0|  0|    1|           1|           1|
    |tmp_170_fu_2692_p2                 |    or    |      0|  0|    1|           1|           1|
    |tmp_45_fu_4114_p2                  |    or    |      0|  0|    1|           1|           1|
    |tmp_52_fu_4120_p2                  |    or    |      0|  0|    1|           1|           1|
    |tmp_96_fu_3271_p2                  |    or    |      0|  0|    1|           1|           1|
    |tmp_99_fu_3277_p2                  |    or    |      0|  0|    1|           1|           1|
    |tmp_i3_fu_3349_p2                  |    or    |      0|  0|   44|          32|          32|
    |tmp_i4_fu_4192_p2                  |    or    |      0|  0|   44|          32|          32|
    |tmp_i6_fu_2506_p2                  |    or    |      0|  0|   44|          32|          32|
    |p_0_i10_fu_3082_p3                 |  select  |      0|  0|   64|           1|          64|
    |p_0_i11_fu_3176_p3                 |  select  |      0|  0|   64|           1|          64|
    |p_0_i1_fu_4019_p3                  |  select  |      0|  0|   64|           1|          64|
    |p_0_i2_fu_4583_p3                  |  select  |      0|  0|   64|           1|          64|
    |p_0_i3_fu_4671_p3                  |  select  |      0|  0|   64|           1|          64|
    |p_0_i4_fu_4768_p3                  |  select  |      0|  0|   64|           1|          64|
    |p_0_i5_fu_3828_p3                  |  select  |      0|  0|   64|           1|          64|
    |p_0_i6_fu_2897_p3                  |  select  |      0|  0|   64|           1|          64|
    |p_0_i7_fu_4862_p3                  |  select  |      0|  0|   64|           1|          64|
    |p_0_i8_fu_3925_p3                  |  select  |      0|  0|   64|           1|          64|
    |p_0_i9_fu_2985_p3                  |  select  |      0|  0|   64|           1|          64|
    |p_0_i_fu_3740_p3                   |  select  |      0|  0|   64|           1|          64|
    |p_Val2_30_fu_2082_p3               |  select  |      0|  0|   32|           1|          32|
    |p_Val2_32_fu_2095_p3               |  select  |      0|  0|   32|           1|          32|
    |place_10_fu_2628_p3                |  select  |      0|  0|    4|           1|           4|
    |place_4_fu_4314_p3                 |  select  |      0|  0|    4|           1|           4|
    |place_8_fu_3471_p3                 |  select  |      0|  0|    4|           1|           4|
    |sel_tmp11_i1_fu_3457_p3            |  select  |      0|  0|    5|           1|           3|
    |sel_tmp11_i2_fu_2614_p3            |  select  |      0|  0|    5|           1|           3|
    |sel_tmp11_i_fu_4300_p3             |  select  |      0|  0|    5|           1|           3|
    |sel_tmp1_i10_fu_3901_p3            |  select  |      0|  0|   64|           1|          64|
    |sel_tmp1_i11_fu_2964_p3            |  select  |      0|  0|   64|           1|          64|
    |sel_tmp1_i12_fu_3998_p3            |  select  |      0|  0|   64|           1|          64|
    |sel_tmp1_i13_fu_3058_p3            |  select  |      0|  0|   64|           1|          64|
    |sel_tmp1_i14_fu_3155_p3            |  select  |      0|  0|   64|           1|          64|
    |sel_tmp1_i2_fu_4559_p3             |  select  |      0|  0|   64|           1|          64|
    |sel_tmp1_i3_fu_4650_p3             |  select  |      0|  0|   64|           1|          64|
    |sel_tmp1_i4_fu_3716_p3             |  select  |      0|  0|   64|           1|          64|
    |sel_tmp1_i5_fu_4744_p3             |  select  |      0|  0|   64|           1|          64|
    |sel_tmp1_i6_fu_3807_p3             |  select  |      0|  0|   64|           1|          64|
    |sel_tmp1_i8_fu_2873_p3             |  select  |      0|  0|   64|           1|          64|
    |sel_tmp1_i9_fu_4841_p3             |  select  |      0|  0|   64|           1|          64|
    |sel_tmp3_i10_fu_3909_p3            |  select  |      0|  0|   64|           1|          64|
    |sel_tmp3_i11_fu_2971_p3            |  select  |      0|  0|   64|           1|          64|
    |sel_tmp3_i12_fu_4005_p3            |  select  |      0|  0|   64|           1|          64|
    |sel_tmp3_i13_fu_3066_p3            |  select  |      0|  0|   64|           1|          64|
    |sel_tmp3_i14_fu_3162_p3            |  select  |      0|  0|   64|           1|          64|
    |sel_tmp3_i3_fu_4567_p3             |  select  |      0|  0|   64|           1|          64|
    |sel_tmp3_i4_fu_4657_p3             |  select  |      0|  0|   64|           1|          64|
    |sel_tmp3_i5_fu_3724_p3             |  select  |      0|  0|   64|           1|          64|
    |sel_tmp3_i6_fu_4752_p3             |  select  |      0|  0|   64|           1|          64|
    |sel_tmp3_i7_fu_3814_p3             |  select  |      0|  0|   64|           1|          64|
    |sel_tmp3_i8_fu_2881_p3             |  select  |      0|  0|   64|           1|          64|
    |sel_tmp3_i9_fu_4848_p3             |  select  |      0|  0|   64|           1|          64|
    |sel_tmp4_i1_fu_3395_p3             |  select  |      0|  0|    3|           1|           3|
    |sel_tmp4_i2_fu_2552_p3             |  select  |      0|  0|    3|           1|           3|
    |sel_tmp4_i_fu_4238_p3              |  select  |      0|  0|    3|           1|           3|
    |sel_tmp5_i10_fu_3074_p3            |  select  |      0|  0|   64|           1|          64|
    |sel_tmp5_i11_fu_3169_p3            |  select  |      0|  0|   64|           1|          64|
    |sel_tmp5_i1_fu_4664_p3             |  select  |      0|  0|   64|           1|          64|
    |sel_tmp5_i2_fu_3732_p3             |  select  |      0|  0|   64|           1|          64|
    |sel_tmp5_i3_fu_4760_p3             |  select  |      0|  0|   64|           1|          64|
    |sel_tmp5_i4_fu_3821_p3             |  select  |      0|  0|   64|           1|          64|
    |sel_tmp5_i5_fu_2889_p3             |  select  |      0|  0|   64|           1|          64|
    |sel_tmp5_i6_fu_4855_p3             |  select  |      0|  0|   64|           1|          64|
    |sel_tmp5_i7_fu_3917_p3             |  select  |      0|  0|   64|           1|          64|
    |sel_tmp5_i8_fu_2978_p3             |  select  |      0|  0|   64|           1|          64|
    |sel_tmp5_i9_fu_4012_p3             |  select  |      0|  0|   64|           1|          64|
    |sel_tmp5_i_fu_4575_p3              |  select  |      0|  0|   64|           1|          64|
    |sel_tmp_i1_fu_2538_p3              |  select  |      0|  0|    3|           1|           3|
    |sel_tmp_i6_fu_4224_p3              |  select  |      0|  0|    3|           1|           3|
    |sel_tmp_i_fu_3381_p3               |  select  |      0|  0|    3|           1|           3|
    |sh_assign_1_fu_2028_p3             |  select  |      0|  0|   12|           1|          12|
    |tmp_15_fu_2259_p3                  |  select  |      0|  0|   32|           1|          32|
    |tmp_18_fu_2215_p3                  |  select  |      0|  0|   32|           1|          32|
    |tmp_26_fu_2171_p3                  |  select  |      0|  0|   32|           1|          32|
    |tmp_241_i_i_fu_2054_p2             |    shl   |      0|  0|  429|         136|         136|
    |sel_tmp14_i1_fu_3435_p2            |    xor   |      0|  0|    2|           1|           2|
    |sel_tmp14_i2_fu_2592_p2            |    xor   |      0|  0|    2|           1|           2|
    |sel_tmp14_i_fu_4278_p2             |    xor   |      0|  0|    2|           1|           2|
    |sel_tmp1_i1_fu_2522_p2             |    xor   |      0|  0|    2|           1|           2|
    |sel_tmp1_i7_fu_4208_p2             |    xor   |      0|  0|    2|           1|           2|
    |sel_tmp1_i_fu_3365_p2              |    xor   |      0|  0|    2|           1|           2|
    |sel_tmp9_i1_fu_3411_p2             |    xor   |      0|  0|    2|           1|           2|
    |sel_tmp9_i2_fu_2568_p2             |    xor   |      0|  0|    2|           1|           2|
    |sel_tmp9_i_fu_4254_p2              |    xor   |      0|  0|    2|           1|           2|
    |tmp134_fu_4289_p2                  |    xor   |      0|  0|    1|           1|           1|
    |tmp140_fu_3446_p2                  |    xor   |      0|  0|    1|           1|           1|
    |tmp155_fu_2603_p2                  |    xor   |      0|  0|    1|           1|           1|
    +-----------------------------------+----------+-------+---+-----+------------+------------+
    |Total                              |          |      0|  0| 7480|        3823|        7214|
    +-----------------------------------+----------+-------+---+-----+------------+------------+

    * Multiplexer: 
    +-----------------------------------+------+-----------+-----+-----------+
    |                Name               |  LUT | Input Size| Bits| Total Bits|
    +-----------------------------------+------+-----------+-----+-----------+
    |ap_NS_fsm                          |  2110|        644|    1|        644|
    |ap_enable_reg_pp0_iter2            |     1|          2|    1|          2|
    |ap_sig_ioackin_result_AWREADY      |     1|          2|    1|          2|
    |ap_sig_ioackin_result_WREADY       |     1|          2|    1|          2|
    |grp_fu_1365_opcode                 |     2|          3|    2|          6|
    |grp_fu_1365_p0                     |   192|         15|   64|        960|
    |grp_fu_1365_p1                     |   192|         15|   64|        960|
    |grp_fu_1369_p0                     |    64|          7|   64|        448|
    |grp_fu_1369_p1                     |    64|          6|   64|        384|
    |grp_fu_1388_p0                     |    64|          8|   32|        256|
    |grp_fu_1391_p0                     |    32|          7|   32|        224|
    |grp_in_structure_fu_1333_x         |    32|          4|   32|        128|
    |grp_in_structure_fu_1333_y         |    32|          4|   32|        128|
    |grp_on_edge_fu_1349_x              |    32|          4|   32|        128|
    |grp_on_edge_fu_1349_y              |    32|          4|   32|        128|
    |grp_on_structure_corner_fu_1317_x  |    32|          4|   32|        128|
    |grp_on_structure_corner_fu_1317_y  |    32|          4|   32|        128|
    |grp_on_structure_edge_fu_1301_x    |    32|          4|   32|        128|
    |grp_on_structure_edge_fu_1301_y    |    32|          4|   32|        128|
    |indvar_reg_1269                    |    14|          2|   14|         28|
    |invdar1_reg_966                    |     7|          2|    7|         14|
    |invdar2_reg_977                    |     7|          2|    7|         14|
    |invdar3_reg_1001                   |     7|          2|    7|         14|
    |invdar4_reg_1012                   |     7|          2|    7|         14|
    |invdar5_reg_1036                   |     7|          2|    7|         14|
    |invdar_reg_942                     |     7|          2|    7|         14|
    |phi_mul1_reg_1187                  |    64|          2|   64|        128|
    |phi_mul2_reg_1071                  |    64|          2|   64|        128|
    |phi_mul3_reg_1152                  |    64|          2|   64|        128|
    |phi_mul4_reg_1129                  |    64|          2|   64|        128|
    |phi_mul5_reg_989                   |    14|          2|   14|         28|
    |phi_mul6_reg_1106                  |    64|          2|   64|        128|
    |phi_mul7_reg_1024                  |    14|          2|   14|         28|
    |phi_mul9_reg_1234                  |    64|          2|   64|        128|
    |phi_mul_reg_954                    |    14|          2|   14|         28|
    |reg_1544                           |    64|          2|   64|        128|
    |reg_1552                           |    64|          2|   64|        128|
    |reg_1559                           |    64|          2|   64|        128|
    |reg_1597                           |    64|          2|   64|        128|
    |reg_1604                           |    64|          2|   64|        128|
    |reg_1628                           |    64|          2|   64|        128|
    |result_blk_n_AW                    |     1|          2|    1|          2|
    |result_blk_n_B                     |     1|          2|    1|          2|
    |result_blk_n_W                     |     1|          2|    1|          2|
    |scenario_structure_c_address0      |     7|          4|    7|         28|
    |scenario_structure_c_ce0           |     1|          4|    1|          4|
    |step_reg_1047                      |    32|          2|   32|         64|
    |ua_address0                        |    70|         18|   14|        252|
    |ua_address1                        |    70|         17|   14|        238|
    |ua_ce0                             |     1|          3|    1|          3|
    |ua_d0                              |    64|          3|   64|        192|
    |ua_d1                              |    64|          7|   64|        448|
    |ua_we0                             |     1|          3|    1|          3|
    |ub_address0                        |    98|         26|   14|        364|
    |ub_address1                        |    28|          9|   14|        126|
    |ub_ce0                             |     1|          3|    1|          3|
    |ub_d0                              |   128|          8|   64|        512|
    |ub_we0                             |     1|          3|    1|          3|
    |uc_address0                        |    70|         19|   14|        266|
    |uc_address1                        |    70|         16|   14|        224|
    |uc_ce0                             |     1|          3|    1|          3|
    |uc_d0                              |    64|          3|   64|        192|
    |uc_d1                              |    64|          7|   64|        448|
    |uc_we0                             |     1|          3|    1|          3|
    |x_assign_4_reg_1222                |    32|          2|   32|         64|
    |x_assign_5_reg_1175                |    32|          2|   32|         64|
    |x_assign_6_reg_1059                |    32|          2|   32|         64|
    |x_assign_7_reg_1140                |    32|          2|   32|         64|
    |x_assign_8_reg_1117                |    32|          2|   32|         64|
    |x_assign_9_reg_1094                |    32|          2|   32|         64|
    |y_assign_3_reg_1245                |    32|          2|   32|         64|
    |y_assign_4_reg_1198                |    32|          2|   32|         64|
    |y_assign_5_reg_1082                |    32|          2|   32|         64|
    |y_assign_6_reg_1210                |    32|          2|   32|         64|
    |y_assign_7_reg_1163                |    32|          2|   32|         64|
    |y_assign_reg_1257                  |    32|          2|   32|         64|
    +-----------------------------------+------+-----------+-----+-----------+
    |Total                              |  5068|        978| 2285|      10794|
    +-----------------------------------+------+-----------+-----+-----------+

    * Register: 
    +-------------------------------------------------+-----+----+-----+-----------+
    |                       Name                      |  FF | LUT| Bits| Const Bits|
    +-------------------------------------------------+-----+----+-----+-----------+
    |MAX_TIME                                         |    0|   0|   64|         64|
    |TIME_STEP                                        |    0|   0|   64|         64|
    |ap_CS_fsm                                        |  643|   0|  643|          0|
    |ap_enable_reg_pp0_iter0                          |    1|   0|    1|          0|
    |ap_enable_reg_pp0_iter1                          |    1|   0|    1|          0|
    |ap_enable_reg_pp0_iter2                          |    1|   0|    1|          0|
    |ap_pipeline_reg_pp0_iter1_exitcond_reg_6329      |    1|   0|    1|          0|
    |ap_reg_grp_in_structure_fu_1333_ap_start         |    1|   0|    1|          0|
    |ap_reg_grp_on_edge_fu_1349_ap_start              |    1|   0|    1|          0|
    |ap_reg_grp_on_structure_corner_fu_1317_ap_start  |    1|   0|    1|          0|
    |ap_reg_grp_on_structure_edge_fu_1301_ap_start    |    1|   0|    1|          0|
    |ap_reg_grp_pulse_source_fu_1280_ap_start         |    1|   0|    1|          0|
    |ap_reg_ioackin_result_AWREADY                    |    1|   0|    1|          0|
    |ap_reg_ioackin_result_WREADY                     |    1|   0|    1|          0|
    |demorgan1_reg_5726                               |    1|   0|    1|          0|
    |demorgan2_reg_5357                               |    1|   0|    1|          0|
    |demorgan_reg_6095                                |    1|   0|    1|          0|
    |exitcond_reg_6329                                |    1|   0|    1|          0|
    |gain                                             |    0|   0|   64|         64|
    |i_1_reg_5261                                     |   32|   0|   32|          0|
    |i_2_reg_5604                                     |   32|   0|   32|          0|
    |i_3_reg_5223                                     |   32|   0|   32|          0|
    |i_4_reg_5121                                     |   32|   0|   32|          0|
    |i_5_reg_5185                                     |   32|   0|   32|          0|
    |i_reg_5973                                       |   32|   0|   32|          0|
    |indvar_reg_1269                                  |   14|   0|   14|          0|
    |indvarinc2_reg_4961                              |    7|   0|    7|          0|
    |indvarinc4_reg_4982                              |    7|   0|    7|          0|
    |indvarinc_reg_4940                               |    7|   0|    7|          0|
    |invdar1_reg_966                                  |    7|   0|    7|          0|
    |invdar2_reg_977                                  |    7|   0|    7|          0|
    |invdar3_reg_1001                                 |    7|   0|    7|          0|
    |invdar4_reg_1012                                 |    7|   0|    7|          0|
    |invdar5_reg_1036                                 |    7|   0|    7|          0|
    |invdar_reg_942                                   |    7|   0|    7|          0|
    |j_1_reg_5612                                     |   32|   0|   32|          0|
    |j_2_reg_5129                                     |   32|   0|   32|          0|
    |j_3_reg_6036                                     |   32|   0|   32|          0|
    |j_4_reg_5667                                     |   32|   0|   32|          0|
    |j_5_reg_5298                                     |   32|   0|   32|          0|
    |j_reg_5981                                       |   32|   0|   32|          0|
    |next_mul1_reg_5965                               |   64|   0|   64|          0|
    |next_mul2_reg_5596                               |   64|   0|   64|          0|
    |next_mul3_reg_5113                               |   64|   0|   64|          0|
    |next_mul4_reg_5253                               |   64|   0|   64|          0|
    |next_mul5_reg_5215                               |   64|   0|   64|          0|
    |next_mul6_reg_4956                               |   14|   0|   14|          0|
    |next_mul7_reg_5177                               |   64|   0|   64|          0|
    |next_mul8_reg_4977                               |   14|   0|   14|          0|
    |next_mul_reg_4935                                |   14|   0|   14|          0|
    |notlhs10_reg_5721                                |    1|   0|    1|          0|
    |notlhs11_reg_5352                                |    1|   0|    1|          0|
    |notlhs2_reg_5996                                 |    1|   0|    1|          0|
    |notlhs4_reg_5627                                 |    1|   0|    1|          0|
    |notlhs6_reg_5144                                 |    1|   0|    1|          0|
    |notlhs8_reg_6090                                 |    1|   0|    1|          0|
    |notrhs8_reg_5022                                 |    1|   0|    1|          0|
    |nx                                               |    3|   0|   32|         29|
    |ny                                               |    3|   0|   32|         29|
    |p_Result_s_reg_5047                              |    1|   0|    1|          0|
    |p_Val2_30_reg_5052                               |   32|   0|   32|          0|
    |p_Val2_32_reg_5058                               |   32|   0|   32|          0|
    |phi_mul1_reg_1187                                |   64|   0|   64|          0|
    |phi_mul2_reg_1071                                |   64|   0|   64|          0|
    |phi_mul3_reg_1152                                |   64|   0|   64|          0|
    |phi_mul4_reg_1129                                |   64|   0|   64|          0|
    |phi_mul5_reg_989                                 |   14|   0|   14|          0|
    |phi_mul6_reg_1106                                |   64|   0|   64|          0|
    |phi_mul7_reg_1024                                |   14|   0|   14|          0|
    |phi_mul9_reg_1234                                |   64|   0|   64|          0|
    |phi_mul_reg_954                                  |   14|   0|   14|          0|
    |place_10_reg_5326                                |    4|   0|    4|          0|
    |place_4_reg_6064                                 |    4|   0|    4|          0|
    |place_8_reg_5695                                 |    4|   0|    4|          0|
    |reg_1499                                         |    5|   0|   64|         59|
    |reg_1504                                         |   64|   0|   64|          0|
    |reg_1510                                         |   64|   0|   64|          0|
    |reg_1516                                         |   64|   0|   64|          0|
    |reg_1522                                         |   64|   0|   64|          0|
    |reg_1527                                         |   64|   0|   64|          0|
    |reg_1535                                         |   64|   0|   64|          0|
    |reg_1540                                         |    4|   0|    4|          0|
    |reg_1544                                         |   64|   0|   64|          0|
    |reg_1552                                         |   64|   0|   64|          0|
    |reg_1559                                         |   64|   0|   64|          0|
    |reg_1573                                         |    3|   0|    3|          0|
    |reg_1577                                         |   64|   0|   64|          0|
    |reg_1583                                         |   64|   0|   64|          0|
    |reg_1589                                         |    3|   0|    3|          0|
    |reg_1593                                         |   64|   0|   64|          0|
    |reg_1597                                         |   64|   0|   64|          0|
    |reg_1604                                         |   64|   0|   64|          0|
    |reg_1612                                         |   64|   0|   64|          0|
    |reg_1618                                         |   64|   0|   64|          0|
    |reg_1624                                         |   64|   0|   64|          0|
    |reg_1628                                         |   64|   0|   64|          0|
    |reg_1635                                         |   64|   0|   64|          0|
    |reg_1641                                         |   64|   0|   64|          0|
    |reg_1647                                         |   64|   0|   64|          0|
    |scenario_source_p_am                             |    5|   0|   64|         59|
    |scenario_source_radi                             |    0|   0|   32|         32|
    |scenario_source_x                                |    0|   0|   32|         32|
    |scenario_source_y                                |    0|   0|   32|         32|
    |sel_tmp2_i11_reg_5576                            |    1|   0|    1|          0|
    |sel_tmp2_i1_reg_6229                             |    1|   0|    1|          0|
    |sel_tmp2_i4_reg_5860                             |    1|   0|    1|          0|
    |sel_tmp2_i6_reg_6314                             |    1|   0|    1|          0|
    |sel_tmp2_i8_reg_5491                             |    1|   0|    1|          0|
    |sel_tmp2_i9_reg_5945                             |    1|   0|    1|          0|
    |sel_tmp4_i11_reg_5496                            |    1|   0|    1|          0|
    |sel_tmp4_i12_reg_5950                            |    1|   0|    1|          0|
    |sel_tmp4_i14_reg_5581                            |    1|   0|    1|          0|
    |sel_tmp4_i4_reg_6234                             |    1|   0|    1|          0|
    |sel_tmp4_i7_reg_5865                             |    1|   0|    1|          0|
    |sel_tmp4_i9_reg_6319                             |    1|   0|    1|          0|
    |sel_tmp6_i11_reg_5586                            |    1|   0|    1|          0|
    |sel_tmp6_i1_reg_6239                             |    1|   0|    1|          0|
    |sel_tmp6_i4_reg_5870                             |    1|   0|    1|          0|
    |sel_tmp6_i6_reg_6324                             |    1|   0|    1|          0|
    |sel_tmp6_i8_reg_5501                             |    1|   0|    1|          0|
    |sel_tmp6_i9_reg_5955                             |    1|   0|    1|          0|
    |sel_tmp_i11_reg_5486                             |    1|   0|    1|          0|
    |sel_tmp_i12_reg_5940                             |    1|   0|    1|          0|
    |sel_tmp_i14_reg_5571                             |    1|   0|    1|          0|
    |sel_tmp_i3_reg_6224                              |    1|   0|    1|          0|
    |sel_tmp_i7_reg_5855                              |    1|   0|    1|          0|
    |sel_tmp_i9_reg_6309                              |    1|   0|    1|          0|
    |source_active_assign_fu_228                      |    1|   0|   32|         31|
    |step_1_reg_5073                                  |   32|   0|   32|          0|
    |step_reg_1047                                    |   32|   0|   32|          0|
    |tmp_100_reg_5430                                 |    1|   0|    1|          0|
    |tmp_101_reg_6274                                 |    1|   0|    1|          0|
    |tmp_103_reg_5108                                 |   15|   0|   15|          0|
    |tmp_104_reg_5875                                 |    1|   0|    1|          0|
    |tmp_109_reg_5233                                 |   15|   0|   15|          0|
    |tmp_111_reg_5905                                 |    1|   0|    1|          0|
    |tmp_114_reg_5506                                 |    1|   0|    1|          0|
    |tmp_116_reg_5266                                 |   15|   0|   15|          0|
    |tmp_117_reg_6009                                 |   15|   0|   15|          0|
    |tmp_119_reg_5536                                 |    1|   0|    1|          0|
    |tmp_123_reg_6018                                 |   15|   0|   15|          0|
    |tmp_125_reg_5195                                 |   15|   0|   15|          0|
    |tmp_132_reg_5228                                 |   15|   0|   15|          0|
    |tmp_133_reg_5640                                 |   15|   0|   15|          0|
    |tmp_138_reg_5649                                 |   15|   0|   15|          0|
    |tmp_140_reg_5157                                 |   15|   0|   15|          0|
    |tmp_14_reg_5078                                  |    1|   0|    1|          0|
    |tmp_151_reg_5190                                 |   15|   0|   15|          0|
    |tmp_153_reg_5271                                 |   15|   0|   15|          0|
    |tmp_157_reg_5280                                 |   15|   0|   15|          0|
    |tmp_164_i1_reg_5658                              |    1|   0|    1|          0|
    |tmp_164_i2_reg_5289                              |    1|   0|    1|          0|
    |tmp_164_i_reg_6027                               |    1|   0|    1|          0|
    |tmp_166_i1_reg_5677                              |    1|   0|    1|          0|
    |tmp_166_i2_reg_5308                              |    1|   0|    1|          0|
    |tmp_166_i_reg_6046                               |    1|   0|    1|          0|
    |tmp_168_i1_reg_5684                              |    1|   0|    1|          0|
    |tmp_168_i2_reg_5315                              |    1|   0|    1|          0|
    |tmp_168_i_reg_6053                               |    1|   0|    1|          0|
    |tmp_169_i1_reg_5690                              |    1|   0|    1|          0|
    |tmp_169_i2_reg_5321                              |    1|   0|    1|          0|
    |tmp_169_i_reg_6059                               |    1|   0|    1|          0|
    |tmp_174_cast_reg_6117                            |   15|   0|   64|         49|
    |tmp_176_reg_6138                                 |   15|   0|   15|          0|
    |tmp_179_i21_to_int_reg_5017                      |   64|   0|   64|          0|
    |tmp_179_i3_reg_5011                              |   64|   0|   64|          0|
    |tmp_17_reg_5082                                  |    1|   0|    1|          0|
    |tmp_189_cast_reg_5748                            |   15|   0|   64|         49|
    |tmp_191_reg_5769                                 |   15|   0|   15|          0|
    |tmp_209_cast_reg_5379                            |   15|   0|   64|         49|
    |tmp_211_reg_5400                                 |   15|   0|   15|          0|
    |tmp_24_reg_5086                                  |    1|   0|    1|          0|
    |tmp_252_reg_6111                                 |   15|   0|   15|          0|
    |tmp_253_reg_6128                                 |   15|   0|   15|          0|
    |tmp_256_reg_6172                                 |   15|   0|   15|          0|
    |tmp_261_reg_6193                                 |   15|   0|   15|          0|
    |tmp_264_reg_5742                                 |   15|   0|   15|          0|
    |tmp_265_reg_5759                                 |   15|   0|   15|          0|
    |tmp_268_reg_5803                                 |   15|   0|   15|          0|
    |tmp_272_reg_6248                                 |   15|   0|   15|          0|
    |tmp_277_reg_5824                                 |   15|   0|   15|          0|
    |tmp_280_reg_5373                                 |   15|   0|   15|          0|
    |tmp_281_reg_5390                                 |   15|   0|   15|          0|
    |tmp_284_reg_5434                                 |   15|   0|   15|          0|
    |tmp_290_reg_6283                                 |   15|   0|   15|          0|
    |tmp_291_reg_6294                                 |   15|   0|   15|          0|
    |tmp_292_reg_5879                                 |   15|   0|   15|          0|
    |tmp_297_reg_5455                                 |   15|   0|   15|          0|
    |tmp_302_reg_5914                                 |   15|   0|   15|          0|
    |tmp_303_reg_5925                                 |   15|   0|   15|          0|
    |tmp_304_reg_5510                                 |   15|   0|   15|          0|
    |tmp_310_reg_5545                                 |   15|   0|   15|          0|
    |tmp_311_reg_5556                                 |   15|   0|   15|          0|
    |tmp_333_i1_reg_5794                              |   64|   0|   64|          0|
    |tmp_333_i2_reg_5425                              |   64|   0|   64|          0|
    |tmp_333_i_reg_6163                               |   64|   0|   64|          0|
    |tmp_53_reg_6072                                  |    1|   0|    1|          0|
    |tmp_59_reg_6076                                  |    1|   0|    1|          0|
    |tmp_60_reg_5703                                  |    1|   0|    1|          0|
    |tmp_65_reg_5707                                  |    1|   0|    1|          0|
    |tmp_66_reg_5334                                  |    1|   0|    1|          0|
    |tmp_68_reg_6099                                  |    1|   0|    1|          0|
    |tmp_72_reg_5338                                  |    1|   0|    1|          0|
    |tmp_74_reg_6103                                  |    1|   0|    1|          0|
    |tmp_76_reg_5730                                  |    1|   0|    1|          0|
    |tmp_79_reg_6107                                  |    1|   0|    1|          0|
    |tmp_81_reg_6168                                  |    1|   0|    1|          0|
    |tmp_83_reg_5734                                  |    1|   0|    1|          0|
    |tmp_85_reg_5361                                  |    1|   0|    1|          0|
    |tmp_88_reg_5738                                  |    1|   0|    1|          0|
    |tmp_90_reg_5799                                  |    1|   0|    1|          0|
    |tmp_92_reg_5365                                  |    1|   0|    1|          0|
    |tmp_93_reg_6244                                  |    1|   0|    1|          0|
    |tmp_94_reg_5960                                  |   15|   0|   15|          0|
    |tmp_97_reg_5591                                  |   15|   0|   15|          0|
    |tmp_98_reg_5369                                  |    1|   0|    1|          0|
    |tmp_i5_reg_6004                                  |    1|   0|    1|          0|
    |tmp_i7_reg_5635                                  |    1|   0|    1|          0|
    |tmp_i8_reg_5152                                  |    1|   0|    1|          0|
    |x_assign_4_reg_1222                              |   32|   0|   32|          0|
    |x_assign_5_reg_1175                              |   32|   0|   32|          0|
    |x_assign_6_reg_1059                              |   32|   0|   32|          0|
    |x_assign_7_reg_1140                              |   32|   0|   32|          0|
    |x_assign_8_reg_1117                              |   32|   0|   32|          0|
    |x_assign_9_reg_1094                              |   32|   0|   32|          0|
    |x_assign_reg_5042                                |   64|   0|   64|          0|
    |y_assign_3_reg_1245                              |   32|   0|   32|          0|
    |y_assign_4_reg_1198                              |   32|   0|   32|          0|
    |y_assign_5_reg_1082                              |   32|   0|   32|          0|
    |y_assign_6_reg_1210                              |   32|   0|   32|          0|
    |y_assign_7_reg_1163                              |   32|   0|   32|          0|
    |y_assign_reg_1257                                |   32|   0|   32|          0|
    +-------------------------------------------------+-----+----+-----+-----------+
    |Total                                            | 4954|   0| 5596|        642|
    +-------------------------------------------------+-----+----+-----+-----------+



================================================================
== Interface
================================================================
* Summary: 
+---------------------------+-----+-----+------------+---------------------+--------------+
|         RTL Ports         | Dir | Bits|  Protocol  |    Source Object    |    C Type    |
+---------------------------+-----+-----+------------+---------------------+--------------+
|s_axi_CONTROL_BUS_AWVALID  |  in |    1|    s_axi   |     CONTROL_BUS     |  return void |
|s_axi_CONTROL_BUS_AWREADY  | out |    1|    s_axi   |     CONTROL_BUS     |  return void |
|s_axi_CONTROL_BUS_AWADDR   |  in |    4|    s_axi   |     CONTROL_BUS     |  return void |
|s_axi_CONTROL_BUS_WVALID   |  in |    1|    s_axi   |     CONTROL_BUS     |  return void |
|s_axi_CONTROL_BUS_WREADY   | out |    1|    s_axi   |     CONTROL_BUS     |  return void |
|s_axi_CONTROL_BUS_WDATA    |  in |   32|    s_axi   |     CONTROL_BUS     |  return void |
|s_axi_CONTROL_BUS_WSTRB    |  in |    4|    s_axi   |     CONTROL_BUS     |  return void |
|s_axi_CONTROL_BUS_ARVALID  |  in |    1|    s_axi   |     CONTROL_BUS     |  return void |
|s_axi_CONTROL_BUS_ARREADY  | out |    1|    s_axi   |     CONTROL_BUS     |  return void |
|s_axi_CONTROL_BUS_ARADDR   |  in |    4|    s_axi   |     CONTROL_BUS     |  return void |
|s_axi_CONTROL_BUS_RVALID   | out |    1|    s_axi   |     CONTROL_BUS     |  return void |
|s_axi_CONTROL_BUS_RREADY   |  in |    1|    s_axi   |     CONTROL_BUS     |  return void |
|s_axi_CONTROL_BUS_RDATA    | out |   32|    s_axi   |     CONTROL_BUS     |  return void |
|s_axi_CONTROL_BUS_RRESP    | out |    2|    s_axi   |     CONTROL_BUS     |  return void |
|s_axi_CONTROL_BUS_BVALID   | out |    1|    s_axi   |     CONTROL_BUS     |  return void |
|s_axi_CONTROL_BUS_BREADY   |  in |    1|    s_axi   |     CONTROL_BUS     |  return void |
|s_axi_CONTROL_BUS_BRESP    | out |    2|    s_axi   |     CONTROL_BUS     |  return void |
|ap_clk                     |  in |    1| ap_ctrl_hs | s_compute_acoustics | return value |
|ap_rst_n                   |  in |    1| ap_ctrl_hs | s_compute_acoustics | return value |
|interrupt                  | out |    1| ap_ctrl_hs | s_compute_acoustics | return value |
|m_axi_result_AWVALID       | out |    1|    m_axi   |        result       |    pointer   |
|m_axi_result_AWREADY       |  in |    1|    m_axi   |        result       |    pointer   |
|m_axi_result_AWADDR        | out |   32|    m_axi   |        result       |    pointer   |
|m_axi_result_AWID          | out |    1|    m_axi   |        result       |    pointer   |
|m_axi_result_AWLEN         | out |    8|    m_axi   |        result       |    pointer   |
|m_axi_result_AWSIZE        | out |    3|    m_axi   |        result       |    pointer   |
|m_axi_result_AWBURST       | out |    2|    m_axi   |        result       |    pointer   |
|m_axi_result_AWLOCK        | out |    2|    m_axi   |        result       |    pointer   |
|m_axi_result_AWCACHE       | out |    4|    m_axi   |        result       |    pointer   |
|m_axi_result_AWPROT        | out |    3|    m_axi   |        result       |    pointer   |
|m_axi_result_AWQOS         | out |    4|    m_axi   |        result       |    pointer   |
|m_axi_result_AWREGION      | out |    4|    m_axi   |        result       |    pointer   |
|m_axi_result_AWUSER        | out |    1|    m_axi   |        result       |    pointer   |
|m_axi_result_WVALID        | out |    1|    m_axi   |        result       |    pointer   |
|m_axi_result_WREADY        |  in |    1|    m_axi   |        result       |    pointer   |
|m_axi_result_WDATA         | out |   64|    m_axi   |        result       |    pointer   |
|m_axi_result_WSTRB         | out |    8|    m_axi   |        result       |    pointer   |
|m_axi_result_WLAST         | out |    1|    m_axi   |        result       |    pointer   |
|m_axi_result_WID           | out |    1|    m_axi   |        result       |    pointer   |
|m_axi_result_WUSER         | out |    1|    m_axi   |        result       |    pointer   |
|m_axi_result_ARVALID       | out |    1|    m_axi   |        result       |    pointer   |
|m_axi_result_ARREADY       |  in |    1|    m_axi   |        result       |    pointer   |
|m_axi_result_ARADDR        | out |   32|    m_axi   |        result       |    pointer   |
|m_axi_result_ARID          | out |    1|    m_axi   |        result       |    pointer   |
|m_axi_result_ARLEN         | out |    8|    m_axi   |        result       |    pointer   |
|m_axi_result_ARSIZE        | out |    3|    m_axi   |        result       |    pointer   |
|m_axi_result_ARBURST       | out |    2|    m_axi   |        result       |    pointer   |
|m_axi_result_ARLOCK        | out |    2|    m_axi   |        result       |    pointer   |
|m_axi_result_ARCACHE       | out |    4|    m_axi   |        result       |    pointer   |
|m_axi_result_ARPROT        | out |    3|    m_axi   |        result       |    pointer   |
|m_axi_result_ARQOS         | out |    4|    m_axi   |        result       |    pointer   |
|m_axi_result_ARREGION      | out |    4|    m_axi   |        result       |    pointer   |
|m_axi_result_ARUSER        | out |    1|    m_axi   |        result       |    pointer   |
|m_axi_result_RVALID        |  in |    1|    m_axi   |        result       |    pointer   |
|m_axi_result_RREADY        | out |    1|    m_axi   |        result       |    pointer   |
|m_axi_result_RDATA         |  in |   64|    m_axi   |        result       |    pointer   |
|m_axi_result_RLAST         |  in |    1|    m_axi   |        result       |    pointer   |
|m_axi_result_RID           |  in |    1|    m_axi   |        result       |    pointer   |
|m_axi_result_RUSER         |  in |    1|    m_axi   |        result       |    pointer   |
|m_axi_result_RRESP         |  in |    2|    m_axi   |        result       |    pointer   |
|m_axi_result_BVALID        |  in |    1|    m_axi   |        result       |    pointer   |
|m_axi_result_BREADY        | out |    1|    m_axi   |        result       |    pointer   |
|m_axi_result_BRESP         |  in |    2|    m_axi   |        result       |    pointer   |
|m_axi_result_BID           |  in |    1|    m_axi   |        result       |    pointer   |
|m_axi_result_BUSER         |  in |    1|    m_axi   |        result       |    pointer   |
+---------------------------+-----+-----+------------+---------------------+--------------+

